#
# A fatal error has been detected by the Java Runtime Environment:
#
#  EXCEPTION_ACCESS_VIOLATION (0xc0000005) at pc=0x00007ff90e0a7397, pid=11156, tid=3292
#
# JRE version: Java(TM) SE Runtime Environment (11.0.6+8) (build 11.0.6+8-LTS)
# Java VM: Java HotSpot(TM) 64-Bit Server VM (11.0.6+8-LTS, mixed mode, tiered, compressed oops, g1 gc, windows-amd64)
# Problematic frame:
# V  [jvm.dll+0x2c7397]
#
# No core dump will be written. Minidumps are not enabled by default on client versions of Windows
#
# If you would like to submit a bug report, please visit:
#   http://bugreport.java.com/bugreport/crash.jsp
#

---------------  S U M M A R Y ------------

Command Line: -Dcom.sun.management.jmxremote -Dcom.sun.management.jmxremote.port=49945 -Dcom.sun.management.jmxremote.authenticate=false -Dcom.sun.management.jmxremote.ssl=false -Djava.rmi.server.hostname=localhost -Dspring.jmx.enabled=true -Dspring.application.admin.enabled=true -Xverify:none -XX:TieredStopAtLevel=1 -Dspring.boot.project.name=cursomc -Dfile.encoding=UTF-8 com.jvessoni.cursomc.CursomcApplication --spring.output.ansi.enabled=always

Host: Intel(R) Core(TM) i7-8550U CPU @ 1.80GHz, 8 cores, 7G,  Windows 10 , 64 bit Build 18362 (10.0.18362.900)
Time: Tue Jun 30 11:16:55 2020 Hora oficial do Brasil elapsed time: 0 seconds (0d 0h 0m 0s)

---------------  T H R E A D  ---------------

Current thread (0x0000027626ad8000):  GCTaskThread "GC Thread#1" [stack: 0x0000008a0b900000,0x0000008a0ba00000] [id=3292]

Stack: [0x0000008a0b900000,0x0000008a0ba00000],  sp=0x0000008a0b9ff880,  free space=1022k
Native frames: (J=compiled Java code, j=interpreted, Vv=VM code, C=native code)
V  [jvm.dll+0x2c7397]
V  [jvm.dll+0x2c7321]
V  [jvm.dll+0x2f3405]
V  [jvm.dll+0x325286]
V  [jvm.dll+0x2f5b06]
V  [jvm.dll+0x7a8190]
V  [jvm.dll+0x733905]
V  [jvm.dll+0x635846]
C  [ucrtbase.dll+0x20e82]
C  [KERNEL32.DLL+0x17bd4]
C  [ntdll.dll+0x6ce51]


siginfo: EXCEPTION_ACCESS_VIOLATION (0xc0000005), reading address 0x0000000e00000015


Register to memory mapping:

RIP=0x00007ff90e0a7397 jvm.dll
RAX=0x0000000000000002 is an unknown value
RBX=0x00000276042af390 points into unknown readable memory: 01 63 58 06 76 02 00 00
RCX=0x0000000e0000000d is an unknown value
RDX=0x00000276042af390 points into unknown readable memory: 01 63 58 06 76 02 00 00
RSP=0x0000008a0b9ff880 points into unknown readable memory: 90 f3 2a 04 76 02 00 00
RBP=0x0 is NULL
RSI=0x0000000e0000000d is an unknown value
RDI=0x00007ff90e8373d0 jvm.dll
R8 =0x0 is NULL
R9 =0x000002760e8d0b80 is at begin+0 in a stub
StubRoutines::atomic_cmpxchg_long [0x000002760e8d0b80, 0x000002760e8d0b89[ (9 bytes)
R10=0x0000027606605ce0 points into unknown readable memory: 40 a7 66 0e f9 7f 00 00
R11=0x0000008a0b9ff860 points into unknown readable memory: a0 83 ae 26 76 02 00 00
R12=0x0000000000000002 is an unknown value
R13=0x00007ff90e6638a0 jvm.dll
R14=0x0000008a0b9ff980 points into unknown readable memory: a0 38 66 0e f9 7f 00 00
R15=0x0 is NULL


Registers:
RAX=0x0000000000000002, RBX=0x00000276042af390, RCX=0x0000000e0000000d, RDX=0x00000276042af390
RSP=0x0000008a0b9ff880, RBP=0x0000000000000000, RSI=0x0000000e0000000d, RDI=0x00007ff90e8373d0
R8 =0x0000000000000000, R9 =0x000002760e8d0b80, R10=0x0000027606605ce0, R11=0x0000008a0b9ff860
R12=0x0000000000000002, R13=0x00007ff90e6638a0, R14=0x0000008a0b9ff980, R15=0x0000000000000000
RIP=0x00007ff90e0a7397, EFLAGS=0x0000000000010202

Top of Stack: (sp=0x0000008a0b9ff880)
0x0000008a0b9ff880:   00000276042af390 0000027626ae83a0
0x0000008a0b9ff890:   0000027626ae83a0 0000027626ae6730
0x0000008a0b9ff8a0:   0000027626f4d030 00007ff90e663720
0x0000008a0b9ff8b0:   0000000000000002 00007ff90e0a7321
0x0000008a0b9ff8c0:   0000000000000000 0000000000000004
0x0000008a0b9ff8d0:   000002760657f0e0 0000008a0b9ff980
0x0000008a0b9ff8e0:   0000008a0b9ff901 00007ff90e0ec1a8
0x0000008a0b9ff8f0:   0000008a0b9ffa20 00007ff90e0d3405
0x0000008a0b9ff900:   0000000000000000 0000000000000000
0x0000008a0b9ff910:   0000000000000013 0000000000000f76
0x0000008a0b9ff920:   00000000006b46b4 00000000513d9448
0x0000008a0b9ff930:   0000000000000002 00007ff90e105286
0x0000008a0b9ff940:   0000027606582c10 0000008a0b9ffa40
0x0000008a0b9ff950:   00000276042b2040 0000000000000002
0x0000008a0b9ff960:   0000027600000002 00007ff900000002
0x0000008a0b9ff970:   0000000000000005 0000027626f4d030 

Instructions: (pc=0x00007ff90e0a7397)
0x00007ff90e0a7377:   74 45 48 8b cb e8 4f 1f 34 00 32 c0 e9 ed 00 00
0x00007ff90e0a7387:   00 48 8b 4f 18 48 85 c9 74 1b 48 ff c8 48 8b f1
0x00007ff90e0a7397:   48 8b 49 08 48 89 4f 18 48 89 47 28 48 85 c9 75
0x00007ff90e0a73a7:   04 48 89 4f 20 48 85 db 74 08 48 8b cb e8 17 1f 


Stack slot to memory mapping:
stack at sp + 0 slots: 0x00000276042af390 points into unknown readable memory: 01 63 58 06 76 02 00 00
stack at sp + 1 slots: 0x0000027626ae83a0 points into unknown readable memory: 0b 00 00 00 0c 00 00 00
stack at sp + 2 slots: 0x0000027626ae83a0 points into unknown readable memory: 0b 00 00 00 0c 00 00 00
stack at sp + 3 slots: 0x0000027626ae6730 points into unknown readable memory: 00 01 00 00 00 00 00 00
stack at sp + 4 slots: 0x0000027626f4d030 points into unknown readable memory: 48 2d 66 0e f9 7f 00 00
stack at sp + 5 slots: 0x00007ff90e663720 jvm.dll
stack at sp + 6 slots: 0x0000000000000002 is an unknown value
stack at sp + 7 slots: 0x00007ff90e0a7321 jvm.dll


---------------  P R O C E S S  ---------------

Threads class SMR info:
_java_thread_list=0x0000027626b6fe90, length=12, elements={
0x0000027606571800, 0x0000027625189800, 0x0000027625193000, 0x00000276259f7000,
0x00000276259f8000, 0x00000276259f9000, 0x0000027625a00000, 0x0000027625163000,
0x0000027625c1e800, 0x0000027626b5e000, 0x0000027626b3c000, 0x0000027626b5a800
}

Java Threads: ( => current thread )
  0x0000027606571800 JavaThread "main" [_thread_blocked, id=14196, stack(0x0000008a0aa00000,0x0000008a0ab00000)]
  0x0000027625189800 JavaThread "Reference Handler" daemon [_thread_blocked, id=10108, stack(0x0000008a0b100000,0x0000008a0b200000)]
  0x0000027625193000 JavaThread "Finalizer" daemon [_thread_blocked, id=13384, stack(0x0000008a0b200000,0x0000008a0b300000)]
  0x00000276259f7000 JavaThread "Signal Dispatcher" daemon [_thread_blocked, id=7344, stack(0x0000008a0b300000,0x0000008a0b400000)]
  0x00000276259f8000 JavaThread "Attach Listener" daemon [_thread_blocked, id=12980, stack(0x0000008a0b400000,0x0000008a0b500000)]
  0x00000276259f9000 JavaThread "C1 CompilerThread0" daemon [_thread_blocked, id=7628, stack(0x0000008a0b500000,0x0000008a0b600000)]
  0x0000027625a00000 JavaThread "Sweeper thread" daemon [_thread_blocked, id=6660, stack(0x0000008a0b600000,0x0000008a0b700000)]
  0x0000027625163000 JavaThread "Common-Cleaner" daemon [_thread_blocked, id=11316, stack(0x0000008a0b700000,0x0000008a0b800000)]
  0x0000027625c1e800 JavaThread "Service Thread" daemon [_thread_blocked, id=8028, stack(0x0000008a0b800000,0x0000008a0b900000)]
  0x0000027626b5e000 JavaThread "RMI TCP Accept-0" daemon [_thread_in_native, id=10032, stack(0x0000008a0bb00000,0x0000008a0bc00000)]
  0x0000027626b3c000 JavaThread "RMI TCP Accept-49945" daemon [_thread_in_native, id=13072, stack(0x0000008a0bc00000,0x0000008a0bd00000)]
  0x0000027626b5a800 JavaThread "RMI TCP Accept-0" daemon [_thread_in_native, id=12896, stack(0x0000008a0bd00000,0x0000008a0be00000)]

Other Threads:
  0x0000027625186000 VMThread "VM Thread" [stack: 0x0000008a0b000000,0x0000008a0b100000] [id=6564]
  0x0000027626b8a800 WatcherThread [stack: 0x0000008a0be00000,0x0000008a0bf00000] [id=8576]
  0x0000027606585800 GCTaskThread "GC Thread#0" [stack: 0x0000008a0ab00000,0x0000008a0ac00000] [id=7432]
=>0x0000027626ad8000 GCTaskThread "GC Thread#1" [stack: 0x0000008a0b900000,0x0000008a0ba00000] [id=3292]
  0x0000027626ad8800 GCTaskThread "GC Thread#2" [stack: 0x0000008a0ba00000,0x0000008a0bb00000] [id=6036]
  0x00000276065d3000 ConcurrentGCThread "G1 Main Marker" [stack: 0x0000008a0ac00000,0x0000008a0ad00000] [id=15112]
  0x00000276065d4800 ConcurrentGCThread "G1 Conc#0" [stack: 0x0000008a0ad00000,0x0000008a0ae00000] [id=216]
  0x000002762500d800 ConcurrentGCThread "G1 Refine#0" [stack: 0x0000008a0ae00000,0x0000008a0af00000] [id=7544]
  0x000002762500e800 ConcurrentGCThread "G1 Young RemSet Sampling" [stack: 0x0000008a0af00000,0x0000008a0b000000] [id=1704]

Threads with active compile tasks:
C1 CompilerThread01422       1       java.util.jar.Attributes$Name::hash (148 bytes)

VM state:at safepoint (normal execution)

VM Mutex/Monitor currently owned by a thread:  ([mutex/lock_event])
[0x00000276042af390] DirtyCardQ_CBL_mon - owner thread: 0x0000027626ad8000
[0x00000276042aea90] Threads_lock - owner thread: 0x0000027625186000
[0x000002760656f780] Heap_lock - owner thread: 0x0000027606571800

Heap address: 0x0000000081e00000, size: 2018 MB, Compressed Oops mode: 32-bit
Narrow klass base: 0x0000000000000000, Narrow klass shift: 3
Compressed class space size: 1073741824 Address: 0x0000000100000000

Heap:
 garbage-first heap   total 131072K, used 33414K [0x0000000081e00000, 0x0000000100000000)
  region size 1024K, 17 young (17408K), 2 survivors (2048K)
 Metaspace       used 14633K, capacity 15023K, committed 15360K, reserved 1062912K
  class space    used 1548K, capacity 1696K, committed 1792K, reserved 1048576K
Heap Regions: E=young(eden), S=young(survivor), O=old, HS=humongous(starts), HC=humongous(continues), CS=collection set, F=free, A=archive, TAMS=top-at-mark-start (previous, next)
|   0|0x0000000081e00000, 0x0000000081f00000, 0x0000000081f00000|100%|HS|  |TAMS 0x0000000081e00000, 0x0000000081e00000| Complete 
|   1|0x0000000081f00000, 0x0000000082000000, 0x0000000082000000|100%| O|  |TAMS 0x0000000081f00000, 0x0000000081f00000| Untracked 
|   2|0x0000000082000000, 0x0000000082100000, 0x0000000082100000|100%| O|  |TAMS 0x0000000082000000, 0x0000000082000000| Untracked 
|   3|0x0000000082100000, 0x0000000082200000, 0x0000000082200000|100%| O|  |TAMS 0x0000000082100000, 0x0000000082100000| Untracked 
|   4|0x0000000082200000, 0x0000000082300000, 0x0000000082300000|100%| O|  |TAMS 0x0000000082200000, 0x0000000082200000| Untracked 
|   5|0x0000000082300000, 0x0000000082400000, 0x0000000082400000|100%| O|  |TAMS 0x0000000082300000, 0x0000000082300000| Untracked 
|   6|0x0000000082400000, 0x0000000082500000, 0x0000000082500000|100%| O|  |TAMS 0x0000000082400000, 0x0000000082400000| Untracked 
|   7|0x0000000082500000, 0x0000000082600000, 0x0000000082600000|100%| O|  |TAMS 0x0000000082500000, 0x0000000082500000| Untracked 
|   8|0x0000000082600000, 0x0000000082700000, 0x0000000082700000|100%| O|  |TAMS 0x0000000082600000, 0x0000000082600000| Untracked 
|   9|0x0000000082700000, 0x0000000082800000, 0x0000000082800000|100%| O|  |TAMS 0x0000000082700000, 0x0000000082700000| Untracked 
|  10|0x0000000082800000, 0x0000000082900000, 0x0000000082900000|100%| O|  |TAMS 0x0000000082800000, 0x0000000082800000| Untracked 
|  11|0x0000000082900000, 0x0000000082a00000, 0x0000000082a00000|100%| O|  |TAMS 0x0000000082900000, 0x0000000082900000| Untracked 
|  12|0x0000000082a00000, 0x0000000082b00000, 0x0000000082b00000|100%| O|  |TAMS 0x0000000082a00000, 0x0000000082a00000| Untracked 
|  13|0x0000000082b00000, 0x0000000082c00000, 0x0000000082c00000|100%| O|  |TAMS 0x0000000082b00000, 0x0000000082b00000| Untracked 
|  14|0x0000000082c00000, 0x0000000082d00000, 0x0000000082d00000|100%| O|  |TAMS 0x0000000082c00000, 0x0000000082c00000| Untracked 
|  15|0x0000000082d00000, 0x0000000082e00000, 0x0000000082e00000|100%| O|  |TAMS 0x0000000082d00000, 0x0000000082d00000| Untracked 
|  16|0x0000000082e00000, 0x0000000082f00000, 0x0000000082f00000|100%| O|  |TAMS 0x0000000082e00000, 0x0000000082e00000| Untracked 
|  17|0x0000000082f00000, 0x0000000082f9ad58, 0x0000000083000000| 60%| O|  |TAMS 0x0000000082f00000, 0x0000000082f00000| Untracked 
|  18|0x0000000083000000, 0x0000000083000000, 0x0000000083100000|  0%| F|  |TAMS 0x0000000083000000, 0x0000000083000000| Untracked 
|  19|0x0000000083100000, 0x0000000083100000, 0x0000000083200000|  0%| F|  |TAMS 0x0000000083100000, 0x0000000083100000| Untracked 
|  20|0x0000000083200000, 0x0000000083200000, 0x0000000083300000|  0%| F|  |TAMS 0x0000000083200000, 0x0000000083200000| Untracked 
|  21|0x0000000083300000, 0x0000000083300000, 0x0000000083400000|  0%| F|  |TAMS 0x0000000083300000, 0x0000000083300000| Untracked 
|  22|0x0000000083400000, 0x0000000083400000, 0x0000000083500000|  0%| F|  |TAMS 0x0000000083400000, 0x0000000083400000| Untracked 
|  23|0x0000000083500000, 0x0000000083500000, 0x0000000083600000|  0%| F|  |TAMS 0x0000000083500000, 0x0000000083500000| Untracked 
|  24|0x0000000083600000, 0x0000000083600000, 0x0000000083700000|  0%| F|  |TAMS 0x0000000083600000, 0x0000000083600000| Untracked 
|  25|0x0000000083700000, 0x0000000083700000, 0x0000000083800000|  0%| F|  |TAMS 0x0000000083700000, 0x0000000083700000| Untracked 
|  26|0x0000000083800000, 0x0000000083800000, 0x0000000083900000|  0%| F|  |TAMS 0x0000000083800000, 0x0000000083800000| Untracked 
|  27|0x0000000083900000, 0x0000000083900000, 0x0000000083a00000|  0%| F|  |TAMS 0x0000000083900000, 0x0000000083900000| Untracked 
|  28|0x0000000083a00000, 0x0000000083a00000, 0x0000000083b00000|  0%| F|  |TAMS 0x0000000083a00000, 0x0000000083a00000| Untracked 
|  29|0x0000000083b00000, 0x0000000083b00000, 0x0000000083c00000|  0%| F|  |TAMS 0x0000000083b00000, 0x0000000083b00000| Untracked 
|  30|0x0000000083c00000, 0x0000000083c00000, 0x0000000083d00000|  0%| F|  |TAMS 0x0000000083c00000, 0x0000000083c00000| Untracked 
|  31|0x0000000083d00000, 0x0000000083d00000, 0x0000000083e00000|  0%| F|  |TAMS 0x0000000083d00000, 0x0000000083d00000| Untracked 
|  32|0x0000000083e00000, 0x0000000083e00000, 0x0000000083f00000|  0%| F|  |TAMS 0x0000000083e00000, 0x0000000083e00000| Untracked 
|  33|0x0000000083f00000, 0x0000000083f00000, 0x0000000084000000|  0%| F|  |TAMS 0x0000000083f00000, 0x0000000083f00000| Untracked 
|  34|0x0000000084000000, 0x0000000084000000, 0x0000000084100000|  0%| F|  |TAMS 0x0000000084000000, 0x0000000084000000| Untracked 
|  35|0x0000000084100000, 0x0000000084100000, 0x0000000084200000|  0%| F|  |TAMS 0x0000000084100000, 0x0000000084100000| Untracked 
|  36|0x0000000084200000, 0x0000000084200000, 0x0000000084300000|  0%| F|  |TAMS 0x0000000084200000, 0x0000000084200000| Untracked 
|  37|0x0000000084300000, 0x0000000084300000, 0x0000000084400000|  0%| F|  |TAMS 0x0000000084300000, 0x0000000084300000| Untracked 
|  38|0x0000000084400000, 0x0000000084400000, 0x0000000084500000|  0%| F|  |TAMS 0x0000000084400000, 0x0000000084400000| Untracked 
|  39|0x0000000084500000, 0x0000000084500000, 0x0000000084600000|  0%| F|  |TAMS 0x0000000084500000, 0x0000000084500000| Untracked 
|  40|0x0000000084600000, 0x0000000084600000, 0x0000000084700000|  0%| F|  |TAMS 0x0000000084600000, 0x0000000084600000| Untracked 
|  41|0x0000000084700000, 0x0000000084700000, 0x0000000084800000|  0%| F|  |TAMS 0x0000000084700000, 0x0000000084700000| Untracked 
|  42|0x0000000084800000, 0x0000000084800000, 0x0000000084900000|  0%| F|  |TAMS 0x0000000084800000, 0x0000000084800000| Untracked 
|  43|0x0000000084900000, 0x0000000084900000, 0x0000000084a00000|  0%| F|  |TAMS 0x0000000084900000, 0x0000000084900000| Untracked 
|  44|0x0000000084a00000, 0x0000000084a00000, 0x0000000084b00000|  0%| F|  |TAMS 0x0000000084a00000, 0x0000000084a00000| Untracked 
|  45|0x0000000084b00000, 0x0000000084b00000, 0x0000000084c00000|  0%| F|  |TAMS 0x0000000084b00000, 0x0000000084b00000| Untracked 
|  46|0x0000000084c00000, 0x0000000084c00000, 0x0000000084d00000|  0%| F|  |TAMS 0x0000000084c00000, 0x0000000084c00000| Untracked 
|  47|0x0000000084d00000, 0x0000000084d00000, 0x0000000084e00000|  0%| F|  |TAMS 0x0000000084d00000, 0x0000000084d00000| Untracked 
|  48|0x0000000084e00000, 0x0000000084e00000, 0x0000000084f00000|  0%| F|  |TAMS 0x0000000084e00000, 0x0000000084e00000| Untracked 
|  49|0x0000000084f00000, 0x0000000084f00000, 0x0000000085000000|  0%| F|  |TAMS 0x0000000084f00000, 0x0000000084f00000| Untracked 
|  50|0x0000000085000000, 0x0000000085000000, 0x0000000085100000|  0%| F|  |TAMS 0x0000000085000000, 0x0000000085000000| Untracked 
|  51|0x0000000085100000, 0x0000000085100000, 0x0000000085200000|  0%| F|  |TAMS 0x0000000085100000, 0x0000000085100000| Untracked 
|  52|0x0000000085200000, 0x0000000085200000, 0x0000000085300000|  0%| F|  |TAMS 0x0000000085200000, 0x0000000085200000| Untracked 
|  53|0x0000000085300000, 0x0000000085300000, 0x0000000085400000|  0%| F|  |TAMS 0x0000000085300000, 0x0000000085300000| Untracked 
|  54|0x0000000085400000, 0x0000000085400000, 0x0000000085500000|  0%| F|  |TAMS 0x0000000085400000, 0x0000000085400000| Untracked 
|  55|0x0000000085500000, 0x0000000085500000, 0x0000000085600000|  0%| F|  |TAMS 0x0000000085500000, 0x0000000085500000| Untracked 
|  56|0x0000000085600000, 0x0000000085600000, 0x0000000085700000|  0%| F|  |TAMS 0x0000000085600000, 0x0000000085600000| Untracked 
|  57|0x0000000085700000, 0x0000000085700000, 0x0000000085800000|  0%| F|  |TAMS 0x0000000085700000, 0x0000000085700000| Untracked 
|  58|0x0000000085800000, 0x0000000085800000, 0x0000000085900000|  0%| F|  |TAMS 0x0000000085800000, 0x0000000085800000| Untracked 
|  59|0x0000000085900000, 0x0000000085900000, 0x0000000085a00000|  0%| F|  |TAMS 0x0000000085900000, 0x0000000085900000| Untracked 
|  60|0x0000000085a00000, 0x0000000085a00000, 0x0000000085b00000|  0%| F|  |TAMS 0x0000000085a00000, 0x0000000085a00000| Untracked 
|  61|0x0000000085b00000, 0x0000000085b00000, 0x0000000085c00000|  0%| F|  |TAMS 0x0000000085b00000, 0x0000000085b00000| Untracked 
|  62|0x0000000085c00000, 0x0000000085c00000, 0x0000000085d00000|  0%| F|  |TAMS 0x0000000085c00000, 0x0000000085c00000| Untracked 
|  63|0x0000000085d00000, 0x0000000085d00000, 0x0000000085e00000|  0%| F|  |TAMS 0x0000000085d00000, 0x0000000085d00000| Untracked 
|  64|0x0000000085e00000, 0x0000000085e00000, 0x0000000085f00000|  0%| F|  |TAMS 0x0000000085e00000, 0x0000000085e00000| Untracked 
|  65|0x0000000085f00000, 0x0000000085f00000, 0x0000000086000000|  0%| F|  |TAMS 0x0000000085f00000, 0x0000000085f00000| Untracked 
|  66|0x0000000086000000, 0x0000000086000000, 0x0000000086100000|  0%| F|  |TAMS 0x0000000086000000, 0x0000000086000000| Untracked 
|  67|0x0000000086100000, 0x0000000086100000, 0x0000000086200000|  0%| F|  |TAMS 0x0000000086100000, 0x0000000086100000| Untracked 
|  68|0x0000000086200000, 0x0000000086200000, 0x0000000086300000|  0%| F|  |TAMS 0x0000000086200000, 0x0000000086200000| Untracked 
|  69|0x0000000086300000, 0x0000000086300000, 0x0000000086400000|  0%| F|  |TAMS 0x0000000086300000, 0x0000000086300000| Untracked 
|  70|0x0000000086400000, 0x0000000086400000, 0x0000000086500000|  0%| F|  |TAMS 0x0000000086400000, 0x0000000086400000| Untracked 
|  71|0x0000000086500000, 0x0000000086500000, 0x0000000086600000|  0%| F|  |TAMS 0x0000000086500000, 0x0000000086500000| Untracked 
|  72|0x0000000086600000, 0x0000000086600000, 0x0000000086700000|  0%| F|  |TAMS 0x0000000086600000, 0x0000000086600000| Untracked 
|  73|0x0000000086700000, 0x0000000086700000, 0x0000000086800000|  0%| F|  |TAMS 0x0000000086700000, 0x0000000086700000| Untracked 
|  74|0x0000000086800000, 0x0000000086800000, 0x0000000086900000|  0%| F|  |TAMS 0x0000000086800000, 0x0000000086800000| Untracked 
|  75|0x0000000086900000, 0x0000000086900000, 0x0000000086a00000|  0%| F|  |TAMS 0x0000000086900000, 0x0000000086900000| Untracked 
|  76|0x0000000086a00000, 0x0000000086a00000, 0x0000000086b00000|  0%| F|  |TAMS 0x0000000086a00000, 0x0000000086a00000| Untracked 
|  77|0x0000000086b00000, 0x0000000086b00000, 0x0000000086c00000|  0%| F|  |TAMS 0x0000000086b00000, 0x0000000086b00000| Untracked 
|  78|0x0000000086c00000, 0x0000000086c00000, 0x0000000086d00000|  0%| F|  |TAMS 0x0000000086c00000, 0x0000000086c00000| Untracked 
|  79|0x0000000086d00000, 0x0000000086d00000, 0x0000000086e00000|  0%| F|  |TAMS 0x0000000086d00000, 0x0000000086d00000| Untracked 
|  80|0x0000000086e00000, 0x0000000086e00000, 0x0000000086f00000|  0%| F|  |TAMS 0x0000000086e00000, 0x0000000086e00000| Untracked 
|  81|0x0000000086f00000, 0x0000000086f00000, 0x0000000087000000|  0%| F|  |TAMS 0x0000000086f00000, 0x0000000086f00000| Untracked 
|  82|0x0000000087000000, 0x0000000087000000, 0x0000000087100000|  0%| F|  |TAMS 0x0000000087000000, 0x0000000087000000| Untracked 
|  83|0x0000000087100000, 0x0000000087100000, 0x0000000087200000|  0%| F|  |TAMS 0x0000000087100000, 0x0000000087100000| Untracked 
|  84|0x0000000087200000, 0x0000000087200000, 0x0000000087300000|  0%| F|  |TAMS 0x0000000087200000, 0x0000000087200000| Untracked 
|  85|0x0000000087300000, 0x0000000087300000, 0x0000000087400000|  0%| F|  |TAMS 0x0000000087300000, 0x0000000087300000| Untracked 
|  86|0x0000000087400000, 0x0000000087400000, 0x0000000087500000|  0%| F|  |TAMS 0x0000000087400000, 0x0000000087400000| Untracked 
|  87|0x0000000087500000, 0x0000000087500000, 0x0000000087600000|  0%| F|  |TAMS 0x0000000087500000, 0x0000000087500000| Untracked 
|  88|0x0000000087600000, 0x0000000087600000, 0x0000000087700000|  0%| F|  |TAMS 0x0000000087600000, 0x0000000087600000| Untracked 
|  89|0x0000000087700000, 0x0000000087700000, 0x0000000087800000|  0%| F|  |TAMS 0x0000000087700000, 0x0000000087700000| Untracked 
|  90|0x0000000087800000, 0x0000000087800000, 0x0000000087900000|  0%| F|  |TAMS 0x0000000087800000, 0x0000000087800000| Untracked 
|  91|0x0000000087900000, 0x0000000087900000, 0x0000000087a00000|  0%| F|  |TAMS 0x0000000087900000, 0x0000000087900000| Untracked 
|  92|0x0000000087a00000, 0x0000000087a00000, 0x0000000087b00000|  0%| F|  |TAMS 0x0000000087a00000, 0x0000000087a00000| Untracked 
|  93|0x0000000087b00000, 0x0000000087b00000, 0x0000000087c00000|  0%| F|  |TAMS 0x0000000087b00000, 0x0000000087b00000| Untracked 
|  94|0x0000000087c00000, 0x0000000087c00000, 0x0000000087d00000|  0%| F|  |TAMS 0x0000000087c00000, 0x0000000087c00000| Untracked 
|  95|0x0000000087d00000, 0x0000000087d00000, 0x0000000087e00000|  0%| F|  |TAMS 0x0000000087d00000, 0x0000000087d00000| Untracked 
|  96|0x0000000087e00000, 0x0000000087e00000, 0x0000000087f00000|  0%| F|  |TAMS 0x0000000087e00000, 0x0000000087e00000| Untracked 
|  97|0x0000000087f00000, 0x0000000087f00000, 0x0000000088000000|  0%| F|  |TAMS 0x0000000087f00000, 0x0000000087f00000| Untracked 
|  98|0x0000000088000000, 0x0000000088000000, 0x0000000088100000|  0%| F|  |TAMS 0x0000000088000000, 0x0000000088000000| Untracked 
|  99|0x0000000088100000, 0x0000000088100000, 0x0000000088200000|  0%| F|  |TAMS 0x0000000088100000, 0x0000000088100000| Untracked 
| 100|0x0000000088200000, 0x0000000088200000, 0x0000000088300000|  0%| F|  |TAMS 0x0000000088200000, 0x0000000088200000| Untracked 
| 101|0x0000000088300000, 0x0000000088400000, 0x0000000088400000|100%| E|CS|TAMS 0x0000000088300000, 0x0000000088300000| Complete 
| 102|0x0000000088400000, 0x0000000088500000, 0x0000000088500000|100%| E|CS|TAMS 0x0000000088400000, 0x0000000088400000| Complete 
| 103|0x0000000088500000, 0x0000000088600000, 0x0000000088600000|100%| E|CS|TAMS 0x0000000088500000, 0x0000000088500000| Complete 
| 104|0x0000000088600000, 0x0000000088600000, 0x0000000088700000|  0%| F|  |TAMS 0x0000000088600000, 0x0000000088600000| Untracked 
| 105|0x0000000088700000, 0x0000000088700000, 0x0000000088800000|  0%| F|  |TAMS 0x0000000088700000, 0x0000000088700000| Untracked 
| 106|0x0000000088800000, 0x0000000088800000, 0x0000000088900000|  0%| F|  |TAMS 0x0000000088800000, 0x0000000088800000| Untracked 
| 107|0x0000000088900000, 0x0000000088900000, 0x0000000088a00000|  0%| F|  |TAMS 0x0000000088900000, 0x0000000088900000| Untracked 
| 108|0x0000000088a00000, 0x0000000088a00000, 0x0000000088b00000|  0%| F|  |TAMS 0x0000000088a00000, 0x0000000088a00000| Untracked 
| 109|0x0000000088b00000, 0x0000000088b00000, 0x0000000088c00000|  0%| F|  |TAMS 0x0000000088b00000, 0x0000000088b00000| Untracked 
| 110|0x0000000088c00000, 0x0000000088c00000, 0x0000000088d00000|  0%| F|  |TAMS 0x0000000088c00000, 0x0000000088c00000| Untracked 
| 111|0x0000000088d00000, 0x0000000088d63440, 0x0000000088e00000| 38%| S|  |TAMS 0x0000000088d00000, 0x0000000088d00000| Complete 
| 112|0x0000000088e00000, 0x0000000088f00000, 0x0000000088f00000|100%| S|  |TAMS 0x0000000088e00000, 0x0000000088e00000| Complete 
| 113|0x0000000088f00000, 0x0000000089000000, 0x0000000089000000|100%| E|CS|TAMS 0x0000000088f00000, 0x0000000088f00000| Complete 
| 114|0x0000000089000000, 0x0000000089100000, 0x0000000089100000|100%| E|CS|TAMS 0x0000000089000000, 0x0000000089000000| Complete 
| 115|0x0000000089100000, 0x0000000089200000, 0x0000000089200000|100%| E|CS|TAMS 0x0000000089100000, 0x0000000089100000| Complete 
| 116|0x0000000089200000, 0x0000000089300000, 0x0000000089300000|100%| E|CS|TAMS 0x0000000089200000, 0x0000000089200000| Complete 
| 117|0x0000000089300000, 0x0000000089400000, 0x0000000089400000|100%| E|CS|TAMS 0x0000000089300000, 0x0000000089300000| Complete 
| 118|0x0000000089400000, 0x0000000089500000, 0x0000000089500000|100%| E|CS|TAMS 0x0000000089400000, 0x0000000089400000| Complete 
| 119|0x0000000089500000, 0x0000000089600000, 0x0000000089600000|100%| E|CS|TAMS 0x0000000089500000, 0x0000000089500000| Complete 
| 120|0x0000000089600000, 0x0000000089700000, 0x0000000089700000|100%| E|CS|TAMS 0x0000000089600000, 0x0000000089600000| Complete 
| 121|0x0000000089700000, 0x0000000089800000, 0x0000000089800000|100%| E|CS|TAMS 0x0000000089700000, 0x0000000089700000| Complete 
| 122|0x0000000089800000, 0x0000000089900000, 0x0000000089900000|100%| E|CS|TAMS 0x0000000089800000, 0x0000000089800000| Complete 
| 123|0x0000000089900000, 0x0000000089a00000, 0x0000000089a00000|100%| E|CS|TAMS 0x0000000089900000, 0x0000000089900000| Complete 
| 124|0x0000000089a00000, 0x0000000089b00000, 0x0000000089b00000|100%| E|CS|TAMS 0x0000000089a00000, 0x0000000089a00000| Complete 
| 125|0x0000000089b00000, 0x0000000089c00000, 0x0000000089c00000|100%| E|CS|TAMS 0x0000000089b00000, 0x0000000089b00000| Complete 
| 126|0x0000000089c00000, 0x0000000089d00000, 0x0000000089d00000|100%| E|CS|TAMS 0x0000000089c00000, 0x0000000089c00000| Complete 
| 127|0x0000000089d00000, 0x0000000089e00000, 0x0000000089e00000|100%| E|CS|TAMS 0x0000000089d00000, 0x0000000089d00000| Complete 

Card table byte_map: [0x000002761e000000,0x000002761e400000] _byte_map_base: 0x000002761dbf1000

Marking Bits (Prev, Next): (CMBitMap*) 0x00000276065ca898, (CMBitMap*) 0x00000276065ca8d0
 Prev Bits: [0x000002761e800000, 0x0000027620788000)
 Next Bits: [0x0000027620790000, 0x0000027622718000)

Polling page: 0x0000027604270000

Metaspace:

Usage:
  Non-class:     13.01 MB capacity,    12.78 MB ( 98%) used,   206.58 KB (  2%) free+waste,    35.50 KB ( <1%) overhead. 
      Class:      1.66 MB capacity,     1.51 MB ( 91%) used,   130.05 KB (  8%) free+waste,    17.56 KB (  1%) overhead. 
       Both:     14.67 MB capacity,    14.29 MB ( 97%) used,   336.63 KB (  2%) free+waste,    53.06 KB ( <1%) overhead. 

Virtual space:
  Non-class space:       14.00 MB reserved,      13.25 MB ( 95%) committed 
      Class space:        1.00 GB reserved,       1.75 MB ( <1%) committed 
             Both:        1.01 GB reserved,      15.00 MB (  1%) committed 

Chunk freelists:
   Non-Class:  6.13 KB
       Class:  0 bytes
        Both:  6.13 KB

CodeHeap 'non-profiled nmethods': size=238336Kb used=2195Kb max_used=2195Kb free=236140Kb
 bounds [0x000002760f010000, 0x000002760f280000, 0x000002761d8d0000]
CodeHeap 'non-nmethods': size=7424Kb used=1106Kb max_used=1106Kb free=6317Kb
 bounds [0x000002760e8d0000, 0x000002760eb40000, 0x000002760f010000]
 total_blobs=1850 nmethods=1420 adapters=341
 compilation: enabled
              stopped_count=0, restarted_count=0
 full_count=0

Compilation events (10 events):
Event: 0.700 Thread 0x00000276259f9000 nmethod 1416 0x000002760f232190 code [0x000002760f232340, 0x000002760f232490]
Event: 0.700 Thread 0x00000276259f9000 1417       1       java.net.URI$Parser::parseHierarchical (178 bytes)
Event: 0.700 Thread 0x00000276259f9000 nmethod 1417 0x000002760f232510 code [0x000002760f2327e0, 0x000002760f2330f0]
Event: 0.700 Thread 0x00000276259f9000 1418       1       java.net.URI::<init> (13 bytes)
Event: 0.700 Thread 0x00000276259f9000 nmethod 1418 0x000002760f233790 code [0x000002760f233940, 0x000002760f233ab0]
Event: 0.700 Thread 0x00000276259f9000 1419   !   1       java.io.File::toURI (69 bytes)
Event: 0.701 Thread 0x00000276259f9000 nmethod 1419 0x000002760f233b90 code [0x000002760f233e00, 0x000002760f2344c0]
Event: 0.701 Thread 0x00000276259f9000 1420       1       java.util.jar.JarFile::getManifest (5 bytes)
Event: 0.701 Thread 0x00000276259f9000 nmethod 1420 0x000002760f234990 code [0x000002760f234b40, 0x000002760f234c70]
Event: 0.701 Thread 0x00000276259f9000 1422       1       java.util.jar.Attributes$Name::hash (148 bytes)

GC Heap History (3 events):
Event: 0.370 GC heap before
{Heap before GC invocations=0 (full 0):
 garbage-first heap   total 131072K, used 24576K [0x0000000081e00000, 0x0000000100000000)
  region size 1024K, 24 young (24576K), 0 survivors (0K)
 Metaspace       used 9646K, capacity 9824K, committed 10112K, reserved 1058816K
  class space    used 983K, capacity 1065K, committed 1152K, reserved 1048576K
}
Event: 0.376 GC heap after
{Heap after GC invocations=1 (full 0):
 garbage-first heap   total 131072K, used 18054K [0x0000000081e00000, 0x0000000100000000)
  region size 1024K, 3 young (3072K), 3 survivors (3072K)
 Metaspace       used 9646K, capacity 9824K, committed 10112K, reserved 1058816K
  class space    used 983K, capacity 1065K, committed 1152K, reserved 1048576K
}
Event: 0.701 GC heap before
{Heap before GC invocations=1 (full 0):
 garbage-first heap   total 131072K, used 33414K [0x0000000081e00000, 0x0000000100000000)
  region size 1024K, 18 young (18432K), 3 survivors (3072K)
 Metaspace       used 14633K, capacity 15023K, committed 15360K, reserved 1062912K
  class space    used 1548K, capacity 1696K, committed 1792K, reserved 1048576K
}

Deoptimization events (0 events):
No events

Classes redefined (0 events):
No events

Internal exceptions (10 events):
Event: 0.566 Thread 0x0000027606571800 Exception <a 'java/lang/ClassNotFoundException'{0x0000000089c89f90}: jdk/internal/agent/resources/spi/agentProvider> (0x0000000089c89f90) thrown at [t:/workspace/open/src/hotspot/share/classfile/systemDictionary.cpp, line 231]
Event: 0.570 Thread 0x0000027606571800 Exception <a 'java/lang/NoSuchMethodError'{0x0000000089cdf690}: java.lang.invoke.DirectMethodHandle$Holder.invokeStatic(Ljava/lang/Object;Ljava/lang/Object;Ljava/lang/Object;Ljava/lang/Object;Ljava/lang/Object;Ljava/lang/Object;Ljava/lang/Object;Ljava/lan
Event: 0.570 Thread 0x0000027606571800 Exception <a 'java/lang/NoSuchMethodError'{0x0000000089cec050}: java.lang.invoke.DirectMethodHandle$Holder.invokeStatic(Ljava/lang/Object;Ljava/lang/Object;Ljava/lang/Object;Ljava/lang/Object;Ljava/lang/Object;Ljava/lang/Object;Ljava/lang/Object;Ljava/lan
Event: 0.571 Thread 0x0000027606571800 Exception <a 'java/lang/NoSuchMethodError'{0x0000000089b061d8}: java.lang.invoke.DelegatingMethodHandle$Holder.reinvoke_L(Ljava/lang/Object;ILjava/lang/Object;)Ljava/lang/Object;> (0x0000000089b061d8) thrown at [t:/workspace/open/src/hotspot/share/interpr
Event: 0.591 Thread 0x0000027606571800 Exception <a 'java/lang/ClassNotFoundException'{0x0000000089ad42b0}: javax/smartcardio/CardPermission> (0x0000000089ad42b0) thrown at [t:/workspace/open/src/hotspot/share/classfile/systemDictionary.cpp, line 231]
Event: 0.593 Thread 0x0000027606571800 Exception <a 'java/io/FileNotFoundException'{0x0000000089ae29c0}> (0x0000000089ae29c0) thrown at [t:/workspace/open/src/hotspot/share/prims/jni.cpp, line 615]
Event: 0.643 Thread 0x0000027606571800 Exception <a 'java/lang/NoSuchMethodError'{0x000000008953b198}: java.lang.invoke.DirectMethodHandle$Holder.invokeStaticInit(Ljava/lang/Object;Ljava/lang/Object;)I> (0x000000008953b198) thrown at [t:/workspace/open/src/hotspot/share/interpreter/linkResolve
Event: 0.668 Thread 0x0000027606571800 Exception <a 'java/lang/NoSuchMethodError'{0x00000000892683a0}: java.lang.invoke.DirectMethodHandle$Holder.invokeStaticInit(Ljava/lang/Object;Ljava/lang/Object;Ljava/lang/Object;)I> (0x00000000892683a0) thrown at [t:/workspace/open/src/hotspot/share/inter
Event: 0.670 Thread 0x0000027606571800 Exception <a 'java/lang/NoSuchMethodError'{0x000000008929b2b8}: java.lang.invoke.DirectMethodHandle$Holder.invokeVirtual(Ljava/lang/Object;Ljava/lang/Object;Ljava/lang/Object;)Ljava/lang/Object;> (0x000000008929b2b8) thrown at [t:/workspace/open/src/hotsp
Event: 0.672 Thread 0x0000027606571800 Exception <a 'java/lang/NoSuchMethodError'{0x00000000892e3798}: java.lang.invoke.DirectMethodHandle$Holder.invokeSpecial(Ljava/lang/Object;Ljava/lang/Object;)V> (0x00000000892e3798) thrown at [t:/workspace/open/src/hotspot/share/interpreter/linkResolver.c

Events (10 events):
Event: 0.688 loading class java/util/stream/Node$Builder
Event: 0.688 loading class java/util/stream/Node$Builder done
Event: 0.688 loading class java/util/stream/Nodes$ArrayNode
Event: 0.688 loading class java/util/stream/Nodes$ArrayNode done
Event: 0.688 loading class java/util/stream/Nodes$FixedNodeBuilder done
Event: 0.700 loading class java/util/jar/JarVerifier
Event: 0.701 loading class java/util/jar/JarVerifier done
Event: 0.701 loading class java/security/CodeSigner
Event: 0.701 loading class java/security/CodeSigner done
Event: 0.701 Executing VM operation: G1CollectForAllocation


Dynamic libraries:
0x00007ff696700000 - 0x00007ff696747000 	C:\Program Files\Java\jdk-11.0.6\bin\javaw.exe
0x00007ff94cc00000 - 0x00007ff94cdf0000 	C:\Windows\SYSTEM32\ntdll.dll
0x00007ff94b700000 - 0x00007ff94b7b2000 	C:\Windows\System32\KERNEL32.DLL
0x00007ff949b90000 - 0x00007ff949e34000 	C:\Windows\System32\KERNELBASE.dll
0x00007ff94b570000 - 0x00007ff94b613000 	C:\Windows\System32\ADVAPI32.dll
0x00007ff94b340000 - 0x00007ff94b3de000 	C:\Windows\System32\msvcrt.dll
0x00007ff94c860000 - 0x00007ff94c8f7000 	C:\Windows\System32\sechost.dll
0x00007ff94b830000 - 0x00007ff94b950000 	C:\Windows\System32\RPCRT4.dll
0x00007ff94b950000 - 0x00007ff94bae4000 	C:\Windows\System32\USER32.dll
0x00007ff94abd0000 - 0x00007ff94abf1000 	C:\Windows\System32\win32u.dll
0x00007ff94aea0000 - 0x00007ff94aec6000 	C:\Windows\System32\GDI32.dll
0x00007ff94a970000 - 0x00007ff94ab05000 	C:\Windows\System32\gdi32full.dll
0x00007ff94ab30000 - 0x00007ff94abce000 	C:\Windows\System32\msvcp_win.dll
0x00007ff94a0a0000 - 0x00007ff94a19a000 	C:\Windows\System32\ucrtbase.dll
0x00007ff9338c0000 - 0x00007ff933b44000 	C:\Windows\WinSxS\amd64_microsoft.windows.common-controls_6595b64144ccf1df_6.0.18362.900_none_e6beb9d913147d17\COMCTL32.dll
0x00007ff9419f0000 - 0x00007ff9419fa000 	C:\Windows\SYSTEM32\VERSION.dll
0x00007ff94c470000 - 0x00007ff94c7a5000 	C:\Windows\System32\combase.dll
0x00007ff94ac30000 - 0x00007ff94acb0000 	C:\Windows\System32\bcryptPrimitives.dll
0x00007ff94c830000 - 0x00007ff94c85e000 	C:\Windows\System32\IMM32.DLL
0x00007ff931040000 - 0x00007ff931056000 	C:\Program Files\Java\jdk-11.0.6\bin\vcruntime140.dll
0x00007ff926670000 - 0x00007ff92671a000 	C:\Program Files\Java\jdk-11.0.6\bin\msvcp140.dll
0x00007ff90dde0000 - 0x00007ff90e909000 	C:\Program Files\Java\jdk-11.0.6\bin\server\jvm.dll
0x00007ff94b4f0000 - 0x00007ff94b4f8000 	C:\Windows\System32\PSAPI.DLL
0x00007ff93b840000 - 0x00007ff93b849000 	C:\Windows\SYSTEM32\WSOCK32.dll
0x00007ff93ede0000 - 0x00007ff93ee04000 	C:\Windows\SYSTEM32\WINMM.dll
0x00007ff94b7c0000 - 0x00007ff94b82f000 	C:\Windows\System32\WS2_32.dll
0x00007ff93eb90000 - 0x00007ff93ebbd000 	C:\Windows\SYSTEM32\winmmbase.dll
0x00007ff94a1a0000 - 0x00007ff94a1ea000 	C:\Windows\System32\cfgmgr32.dll
0x00007ff949af0000 - 0x00007ff949b01000 	C:\Windows\System32\kernel.appcore.dll
0x00007ff93b7b0000 - 0x00007ff93b7c1000 	C:\Program Files\Java\jdk-11.0.6\bin\verify.dll
0x00007ff9454c0000 - 0x00007ff9456b4000 	C:\Windows\SYSTEM32\DBGHELP.DLL
0x00007ff93f5f0000 - 0x00007ff93f61a000 	C:\Windows\SYSTEM32\dbgcore.DLL
0x00007ff933440000 - 0x00007ff933469000 	C:\Program Files\Java\jdk-11.0.6\bin\java.dll
0x00007ff937740000 - 0x00007ff937756000 	C:\Program Files\Java\jdk-11.0.6\bin\zip.dll
0x00007ff942a40000 - 0x00007ff942a4a000 	C:\Program Files\Java\jdk-11.0.6\bin\jimage.dll
0x00007ff94bca0000 - 0x00007ff94c386000 	C:\Windows\System32\SHELL32.dll
0x00007ff94b440000 - 0x00007ff94b4e9000 	C:\Windows\System32\shcore.dll
0x00007ff94a1f0000 - 0x00007ff94a970000 	C:\Windows\System32\windows.storage.dll
0x00007ff949b60000 - 0x00007ff949b83000 	C:\Windows\System32\profapi.dll
0x00007ff949b10000 - 0x00007ff949b5a000 	C:\Windows\System32\powrprof.dll
0x00007ff949ac0000 - 0x00007ff949ad0000 	C:\Windows\System32\UMPDC.dll
0x00007ff94ca90000 - 0x00007ff94cae2000 	C:\Windows\System32\shlwapi.dll
0x00007ff94ab10000 - 0x00007ff94ab27000 	C:\Windows\System32\cryptsp.dll
0x00007ff9325a0000 - 0x00007ff9325b9000 	C:\Program Files\Java\jdk-11.0.6\bin\net.dll
0x00007ff93f690000 - 0x00007ff93f780000 	C:\Windows\SYSTEM32\WINHTTP.dll
0x00007ff9492d0000 - 0x00007ff949337000 	C:\Windows\system32\mswsock.dll
0x00007ff931020000 - 0x00007ff931033000 	C:\Program Files\Java\jdk-11.0.6\bin\nio.dll
0x00007ff942310000 - 0x00007ff942319000 	C:\Program Files\Java\jdk-11.0.6\bin\management.dll
0x00007ff940fd0000 - 0x00007ff940fdc000 	C:\Program Files\Java\jdk-11.0.6\bin\management_ext.dll
0x00007ff937720000 - 0x00007ff937736000 	C:\Windows\system32\napinsp.dll
0x00007ff9342b0000 - 0x00007ff9342ca000 	C:\Windows\system32\pnrpnsp.dll
0x00007ff949020000 - 0x00007ff9490eb000 	C:\Windows\SYSTEM32\DNSAPI.dll
0x00007ff94c390000 - 0x00007ff94c398000 	C:\Windows\System32\NSI.dll
0x00007ff948fe0000 - 0x00007ff94901a000 	C:\Windows\SYSTEM32\IPHLPAPI.DLL
0x00007ff9342a0000 - 0x00007ff9342ae000 	C:\Windows\System32\winrnr.dll
0x00007ff941f30000 - 0x00007ff941f4c000 	C:\Windows\system32\NLAapi.dll
0x00007ff934280000 - 0x00007ff934295000 	C:\Windows\system32\wshbth.dll
0x00007ff93fb10000 - 0x00007ff93fb1a000 	C:\Windows\System32\rasadhlp.dll
0x00007ff940450000 - 0x00007ff9404c7000 	C:\Windows\System32\fwpuclnt.dll
0x00007ff94ac00000 - 0x00007ff94ac26000 	C:\Windows\System32\bcrypt.dll
0x00007ff948e40000 - 0x00007ff948e73000 	C:\Windows\system32\rsaenh.dll
0x00007ff9499e0000 - 0x00007ff949a05000 	C:\Windows\SYSTEM32\USERENV.dll
0x00007ff9494a0000 - 0x00007ff9494ac000 	C:\Windows\SYSTEM32\CRYPTBASE.dll
0x00007ff940c70000 - 0x00007ff940c86000 	C:\Windows\SYSTEM32\dhcpcsvc6.DLL
0x00007ff941850000 - 0x00007ff94186c000 	C:\Windows\SYSTEM32\dhcpcsvc.DLL

dbghelp: loaded successfully - version: 4.0.5 - missing functions: none
symbol engine: initialized successfully - sym options: 0x614 - pdb path: .;C:\Program Files\Java\jdk-11.0.6\bin;C:\Windows\SYSTEM32;C:\Windows\WinSxS\amd64_microsoft.windows.common-controls_6595b64144ccf1df_6.0.18362.900_none_e6beb9d913147d17;C:\Program Files\Java\jdk-11.0.6\bin\server

VM Arguments:
jvm_args: -Dcom.sun.management.jmxremote -Dcom.sun.management.jmxremote.port=49945 -Dcom.sun.management.jmxremote.authenticate=false -Dcom.sun.management.jmxremote.ssl=false -Djava.rmi.server.hostname=localhost -Dspring.jmx.enabled=true -Dspring.application.admin.enabled=true -Xverify:none -XX:TieredStopAtLevel=1 -Dspring.boot.project.name=cursomc -Dfile.encoding=UTF-8 
java_command: com.jvessoni.cursomc.CursomcApplication --spring.output.ansi.enabled=always
java_class_path (initial): C:\Desenvolvimento\ws-sts\ws1\cursomc\target\classes;C:\Users\Juliano Vessoni\.m2\repository\org\springframework\boot\spring-boot-starter-web\2.3.1.RELEASE\spring-boot-starter-web-2.3.1.RELEASE.jar;C:\Users\Juliano Vessoni\.m2\repository\org\springframework\boot\spring-boot-starter\2.3.1.RELEASE\spring-boot-starter-2.3.1.RELEASE.jar;C:\Users\Juliano Vessoni\.m2\repository\org\springframework\boot\spring-boot-starter-logging\2.3.1.RELEASE\spring-boot-starter-logging-2.3.1.RELEASE.jar;C:\Users\Juliano Vessoni\.m2\repository\ch\qos\logback\logback-classic\1.2.3\logback-classic-1.2.3.jar;C:\Users\Juliano Vessoni\.m2\repository\ch\qos\logback\logback-core\1.2.3\logback-core-1.2.3.jar;C:\Users\Juliano Vessoni\.m2\repository\org\apache\logging\log4j\log4j-to-slf4j\2.13.3\log4j-to-slf4j-2.13.3.jar;C:\Users\Juliano Vessoni\.m2\repository\org\apache\logging\log4j\log4j-api\2.13.3\log4j-api-2.13.3.jar;C:\Users\Juliano Vessoni\.m2\repository\org\slf4j\jul-to-slf4j\1.7.30\jul-to-slf4j-1.7.30.jar;C:\Users\Juliano Vessoni\.m2\repository\jakarta\annotation\jakarta.annotation-api\1.3.5\jakarta.annotation-api-1.3.5.jar;C:\Users\Juliano Vessoni\.m2\repository\org\yaml\snakeyaml\1.26\snakeyaml-1.26.jar;C:\Users\Juliano Vessoni\.m2\repository\org\springframework\boot\spring-boot-starter-json\2.3.1.RELEASE\spring-boot-starter-json-2.3.1.RELEASE.jar;C:\Users\Juliano Vessoni\.m2\repository\com\fasterxml\jackson\datatype\jackson-datatype-jdk8\2.11.0\jackson-datatype-jdk8-2.11.0.jar;C:\Users\Juliano Vessoni\.m2\repository\com\fasterxml\jackson\datatype\jackson-datatype-jsr310\2.11.0\jackson-datatype-jsr310-2.11.0.jar;C:\Users\Juliano Vessoni\.m2\repository\com\fasterxml\jackson\module\jackson-module-parameter-names\2.11.0\jackson-module-parameter-names-2.11.0.jar;C:\Users\Juliano Vessoni\.m2\repository\org\springframework\boot\spring-boot-starter-tomcat\2.3.1.RELEASE\spring-boot-starter-tomcat-2.3.1.RELEASE.jar;C:\Users\Juliano Vessoni\.m2\repository\org\apache\t
Launcher Type: SUN_STANDARD

[Global flags]
     bool BytecodeVerificationLocal                = false                                     {product} {command line}
     bool BytecodeVerificationRemote               = false                                     {product} {command line}
     intx CICompilerCount                          = 4                                         {product} {ergonomic}
     uint ConcGCThreads                            = 2                                         {product} {ergonomic}
     uint G1ConcRefinementThreads                  = 8                                         {product} {ergonomic}
   size_t G1HeapRegionSize                         = 1048576                                   {product} {ergonomic}
    uintx GCDrainStackTargetSize                   = 64                                        {product} {ergonomic}
   size_t InitialHeapSize                          = 134217728                                 {product} {ergonomic}
     bool ManagementServer                         = true                                      {product} {command line}
   size_t MarkStackSize                            = 4194304                                   {product} {ergonomic}
   size_t MaxHeapSize                              = 2116026368                                {product} {ergonomic}
   size_t MaxNewSize                               = 1268776960                                {product} {ergonomic}
   size_t MinHeapDeltaBytes                        = 1048576                                   {product} {ergonomic}
    uintx NonNMethodCodeHeapSize                   = 7549744                                {pd product} {ergonomic}
    uintx NonProfiledCodeHeapSize                  = 244108496                              {pd product} {ergonomic}
    uintx ProfiledCodeHeapSize                     = 0                                      {pd product} {ergonomic}
    uintx ReservedCodeCacheSize                    = 251658240                              {pd product} {ergonomic}
     bool SegmentedCodeCache                       = true                                      {product} {ergonomic}
     intx TieredStopAtLevel                        = 1                                         {product} {command line}
     bool UseCompressedClassPointers               = true                                 {lp64_product} {ergonomic}
     bool UseCompressedOops                        = true                                 {lp64_product} {ergonomic}
     bool UseG1GC                                  = true                                      {product} {ergonomic}
     bool UseLargePagesIndividualAllocation        = false                                  {pd product} {ergonomic}

Logging:
Log output configuration:
 #0: stdout all=warning uptime,level,tags
 #1: stderr all=off uptime,level,tags

Environment Variables:
JAVA_HOME=C:\Program Files\Java\jdk-11.0.6
PATH=C:/Program Files/Java/jdk-11.0.6/bin/server;C:/Program Files/Java/jdk-11.0.6/bin;C:\Program Files\Java\jdk-11.0.6\bin;C:\oracle\product\11.2.0\dbhome_1\BIN;C:\Program Files (x86)\CollabNet\Subversion Client;C:\Program Files (x86)\Embarcadero\RAD Studio\8.0\bin;C:\Users\Public\Documents\RAD Studio\8.0\Bpl;C:\Program Files (x86)\Common Files\Oracle\Java\javapath;C:\oracle\product\11.2.0\dbhome_1\bin;C:\Windows\system32;C:\Windows;C:\Windows\System32\Wbem;C:\Windows\System32\WindowsPowerShell\v1.0\;C:\Windows\System32\OpenSSH\;C:\Program Files\TortoiseSVN\bin;C:\Program Files\Git\cmd;C:\Program Files\MongoDB\Server\4.2\bin;C:\xampp\mysql\bin;C:\Program Files\MySQL\MySQL Shell 8.0\bin\;C:\Users\Juliano Vessoni\AppData\Local\Microsoft\WindowsApps;C:\Program Files\heroku\bin;C:\sts-4.6.2.RELEASE;
USERNAME=Juliano Vessoni
OS=Windows_NT
PROCESSOR_IDENTIFIER=Intel64 Family 6 Model 142 Stepping 10, GenuineIntel



---------------  S Y S T E M  ---------------

OS: Windows 10 , 64 bit Build 18362 (10.0.18362.900)

CPU:total 8 (initial active 8) (4 cores per cpu, 2 threads per core) family 6 model 142 stepping 10, cmov, cx8, fxsr, mmx, sse, sse2, sse3, ssse3, sse4.1, sse4.2, popcnt, avx, avx2, aes, clmul, erms, 3dnowpref, lzcnt, ht, tsc, tscinvbit, bmi1, bmi2, adx, fma

Memory: 4k page, system-wide physical 8067M (2481M free)
TotalPageFile size 11261M (AvailPageFile size 1903M)
current process WorkingSet (physical memory assigned to process): 98M, peak: 98M
current process commit charge ("private bytes"): 230M, peak: 230M

vm_info: Java HotSpot(TM) 64-Bit Server VM (11.0.6+8-LTS) for windows-amd64 JRE (11.0.6+8-LTS), built on Dec 11 2019 09:17:57 by "mach5one" with MS VC++ 15.5 (VS2017)

END.
