#
# A fatal error has been detected by the Java Runtime Environment:
#
#  EXCEPTION_ACCESS_VIOLATION (0xc0000005) at pc=0x00007ff90e43f475, pid=14872, tid=4960
#
# JRE version: Java(TM) SE Runtime Environment (11.0.6+8) (build 11.0.6+8-LTS)
# Java VM: Java HotSpot(TM) 64-Bit Server VM (11.0.6+8-LTS, mixed mode, tiered, compressed oops, g1 gc, windows-amd64)
# Problematic frame:
# V  [jvm.dll+0x65f475]
#
# No core dump will be written. Minidumps are not enabled by default on client versions of Windows
#
# If you would like to submit a bug report, please visit:
#   http://bugreport.java.com/bugreport/crash.jsp
#

---------------  S U M M A R Y ------------

Command Line: -Dcom.sun.management.jmxremote -Dcom.sun.management.jmxremote.port=52498 -Dcom.sun.management.jmxremote.authenticate=false -Dcom.sun.management.jmxremote.ssl=false -Djava.rmi.server.hostname=localhost -Dspring.jmx.enabled=true -Dspring.application.admin.enabled=true -Xverify:none -XX:TieredStopAtLevel=1 -Dspring.boot.project.name=cursomc -Dfile.encoding=UTF-8 com.jvessoni.cursomc.CursomcApplication --spring.output.ansi.enabled=always

Host: Intel(R) Core(TM) i7-8550U CPU @ 1.80GHz, 8 cores, 7G,  Windows 10 , 64 bit Build 18362 (10.0.18362.900)
Time: Tue Jun 30 15:04:31 2020 Hora oficial do Brasil elapsed time: 1 seconds (0d 0h 0m 1s)

---------------  T H R E A D  ---------------

Current thread (0x000001c06a925000):  WatcherThread [stack: 0x000000ba22d00000,0x000000ba22e00000] [id=4960]

Stack: [0x000000ba22d00000,0x000000ba22e00000],  sp=0x000000ba22dff520,  free space=1021k
Native frames: (J=compiled Java code, j=interpreted, Vv=VM code, C=native code)
V  [jvm.dll+0x65f475]
V  [jvm.dll+0x6c885f]
V  [jvm.dll+0x714d0d]
V  [jvm.dll+0x73ab89]
V  [jvm.dll+0x733905]
V  [jvm.dll+0x635846]
C  [ucrtbase.dll+0x20e82]
C  [KERNEL32.DLL+0x17bd4]
C  [ntdll.dll+0x6ce51]


siginfo: EXCEPTION_ACCESS_VIOLATION (0xc0000005), reading address 0x0000000c0000000b


Register to memory mapping:

RIP=0x00007ff90e43f475 jvm.dll
RAX=0x0000000c0000000b is an unknown value
RBX=0x000001c06a87c270 points into unknown readable memory: 50 ca 6a 0e f9 7f 00 00
RCX=